2025-05-21T22:09:53.290+08:00  INFO 7232 --- [springboot-jpa] [main] c.e.demo.SpringProjectsApplicationTests  : Starting SpringProjectsApplicationTests using Java 21.0.6 with PID 7232 (started by a9304 in C:\Users\a9304\Desktop\Projects\Java\spring-projects)
2025-05-21T22:09:53.292+08:00  INFO 7232 --- [springboot-jpa] [main] c.e.demo.SpringProjectsApplicationTests  : No active profile set, falling back to 1 default profile: "default"
2025-05-21T22:09:53.999+08:00  INFO 7232 --- [springboot-jpa] [main] .s.d.r.c.RepositoryConfigurationDelegate : Multiple Spring Data modules found, entering strict repository configuration mode
2025-05-21T22:09:54.001+08:00  INFO 7232 --- [springboot-jpa] [main] .s.d.r.c.RepositoryConfigurationDelegate : Bootstrapping Spring Data JDBC repositories in DEFAULT mode.
2025-05-21T22:09:54.030+08:00  INFO 7232 --- [springboot-jpa] [main] .s.d.r.c.RepositoryConfigurationDelegate : Finished Spring Data repository scanning in 16 ms. Found 0 JDBC repository interfaces.
2025-05-21T22:09:54.045+08:00  INFO 7232 --- [springboot-jpa] [main] .s.d.r.c.RepositoryConfigurationDelegate : Multiple Spring Data modules found, entering strict repository configuration mode
2025-05-21T22:09:54.047+08:00  INFO 7232 --- [springboot-jpa] [main] .s.d.r.c.RepositoryConfigurationDelegate : Bootstrapping Spring Data JPA repositories in DEFAULT mode.
2025-05-21T22:09:54.057+08:00  INFO 7232 --- [springboot-jpa] [main] .s.d.r.c.RepositoryConfigurationDelegate : Finished Spring Data repository scanning in 3 ms. Found 0 JPA repository interfaces.
2025-05-21T22:09:54.490+08:00  INFO 7232 --- [springboot-jpa] [main] o.hibernate.jpa.internal.util.LogHelper  : HHH000204: Processing PersistenceUnitInfo [name: default]
2025-05-21T22:09:54.569+08:00  INFO 7232 --- [springboot-jpa] [main] org.hibernate.Version                    : HHH000412: Hibernate ORM core version 6.6.13.Final
2025-05-21T22:09:54.613+08:00  INFO 7232 --- [springboot-jpa] [main] o.h.c.internal.RegionFactoryInitiator    : HHH000026: Second-level cache disabled
2025-05-21T22:09:54.973+08:00  INFO 7232 --- [springboot-jpa] [main] o.s.o.j.p.SpringPersistenceUnitInfo      : No LoadTimeWeaver setup: ignoring JPA class transformer
2025-05-21T22:09:55.014+08:00  INFO 7232 --- [springboot-jpa] [main] com.zaxxer.hikari.HikariDataSource       : HikariPool-1 - Starting...
2025-05-21T22:09:55.213+08:00  INFO 7232 --- [springboot-jpa] [main] com.zaxxer.hikari.pool.HikariPool        : HikariPool-1 - Added connection com.mysql.cj.jdbc.ConnectionImpl@7a1371
2025-05-21T22:09:55.215+08:00  INFO 7232 --- [springboot-jpa] [main] com.zaxxer.hikari.HikariDataSource       : HikariPool-1 - Start completed.
2025-05-21T22:09:55.308+08:00  INFO 7232 --- [springboot-jpa] [main] org.hibernate.orm.connections.pooling    : HHH10001005: Database info:
	Database JDBC URL [Connecting through datasource 'HikariDataSource (HikariPool-1)']
	Database driver: undefined/unknown
	Database version: 8.0.34
	Autocommit mode: undefined/unknown
	Isolation level: undefined/unknown
	Minimum pool size: undefined/unknown
	Maximum pool size: undefined/unknown
2025-05-21T22:09:56.194+08:00  INFO 7232 --- [springboot-jpa] [main] o.h.e.t.j.p.i.JtaPlatformInitiator       : HHH000489: No JTA platform available (set 'hibernate.transaction.jta.platform' to enable JTA platform integration)
2025-05-21T22:09:56.737+08:00  INFO 7232 --- [springboot-jpa] [main] j.LocalContainerEntityManagerFactoryBean : Initialized JPA EntityManagerFactory for persistence unit 'default'
2025-05-21T22:09:57.523+08:00  INFO 7232 --- [springboot-jpa] [main] c.e.demo.SpringProjectsApplicationTests  : Started SpringProjectsApplicationTests in 4.591 seconds (process running for 5.664)
2025-05-21T22:09:58.022+08:00  INFO 7232 --- [springboot-jpa] [SpringApplicationShutdownHook] j.LocalContainerEntityManagerFactoryBean : Closing JPA EntityManagerFactory for persistence unit 'default'
2025-05-21T22:09:58.024+08:00  INFO 7232 --- [springboot-jpa] [SpringApplicationShutdownHook] com.zaxxer.hikari.HikariDataSource       : HikariPool-1 - Shutdown initiated...
2025-05-21T22:09:58.033+08:00  INFO 7232 --- [springboot-jpa] [SpringApplicationShutdownHook] com.zaxxer.hikari.HikariDataSource       : HikariPool-1 - Shutdown completed.
