2025-05-26T10:06:50.062+08:00  INFO 9892 --- [springboot-jpa-book] [main] c.e.d.SpringbootReactJpaBookApplication  : Starting SpringbootReactJpaBookApplication using Java 21.0.6 with PID 9892 (E:\Eclipse\class-project\springboot-jpa-book\target\classes started by NTPU in E:\Eclipse\class-project\springboot-jpa-book)
2025-05-26T10:06:50.063+08:00  INFO 9892 --- [springboot-jpa-book] [main] c.e.d.SpringbootReactJpaBookApplication  : No active profile set, falling back to 1 default profile: "default"
2025-05-26T10:06:50.384+08:00  INFO 9892 --- [springboot-jpa-book] [main] .s.d.r.c.RepositoryConfigurationDelegate : Multiple Spring Data modules found, entering strict repository configuration mode
2025-05-26T10:06:50.385+08:00  INFO 9892 --- [springboot-jpa-book] [main] .s.d.r.c.RepositoryConfigurationDelegate : Bootstrapping Spring Data JDBC repositories in DEFAULT mode.
2025-05-26T10:06:50.394+08:00  INFO 9892 --- [springboot-jpa-book] [main] .s.d.r.c.RepositoryConfigurationDelegate : Finished Spring Data repository scanning in 6 ms. Found 0 JDBC repository interfaces.
2025-05-26T10:06:50.401+08:00  INFO 9892 --- [springboot-jpa-book] [main] .s.d.r.c.RepositoryConfigurationDelegate : Multiple Spring Data modules found, entering strict repository configuration mode
2025-05-26T10:06:50.401+08:00  INFO 9892 --- [springboot-jpa-book] [main] .s.d.r.c.RepositoryConfigurationDelegate : Bootstrapping Spring Data JPA repositories in DEFAULT mode.
2025-05-26T10:06:50.404+08:00  INFO 9892 --- [springboot-jpa-book] [main] .s.d.r.c.RepositoryConfigurationDelegate : Finished Spring Data repository scanning in 0 ms. Found 0 JPA repository interfaces.
2025-05-26T10:06:50.619+08:00  INFO 9892 --- [springboot-jpa-book] [main] o.s.b.w.embedded.tomcat.TomcatWebServer  : Tomcat initialized with port 8082 (http)
2025-05-26T10:06:50.628+08:00  INFO 9892 --- [springboot-jpa-book] [main] o.apache.catalina.core.StandardService   : Starting service [Tomcat]
2025-05-26T10:06:50.629+08:00  INFO 9892 --- [springboot-jpa-book] [main] o.apache.catalina.core.StandardEngine    : Starting Servlet engine: [Apache Tomcat/10.1.41]
2025-05-26T10:06:50.732+08:00  INFO 9892 --- [springboot-jpa-book] [main] org.apache.jasper.servlet.TldScanner     : At least one JAR was scanned for TLDs yet contained no TLDs. Enable debug logging for this logger for a complete list of JARs that were scanned but no TLDs were found in them. Skipping unneeded JARs during scanning can improve startup time and JSP compilation time.
2025-05-26T10:06:50.736+08:00  INFO 9892 --- [springboot-jpa-book] [main] o.a.c.c.C.[Tomcat].[localhost].[/]       : Initializing Spring embedded WebApplicationContext
2025-05-26T10:06:50.737+08:00  INFO 9892 --- [springboot-jpa-book] [main] w.s.c.ServletWebServerApplicationContext : Root WebApplicationContext: initialization completed in 652 ms
2025-05-26T10:06:50.824+08:00  INFO 9892 --- [springboot-jpa-book] [main] o.hibernate.jpa.internal.util.LogHelper  : HHH000204: Processing PersistenceUnitInfo [name: default]
2025-05-26T10:06:50.849+08:00  INFO 9892 --- [springboot-jpa-book] [main] org.hibernate.Version                    : HHH000412: Hibernate ORM core version 6.6.15.Final
2025-05-26T10:06:50.866+08:00  INFO 9892 --- [springboot-jpa-book] [main] o.h.c.internal.RegionFactoryInitiator    : HHH000026: Second-level cache disabled
2025-05-26T10:06:51.012+08:00  INFO 9892 --- [springboot-jpa-book] [main] o.s.o.j.p.SpringPersistenceUnitInfo      : No LoadTimeWeaver setup: ignoring JPA class transformer
2025-05-26T10:06:51.028+08:00  INFO 9892 --- [springboot-jpa-book] [main] com.zaxxer.hikari.HikariDataSource       : HikariPool-1 - Starting...
2025-05-26T10:06:51.123+08:00  INFO 9892 --- [springboot-jpa-book] [main] com.zaxxer.hikari.pool.HikariPool        : HikariPool-1 - Added connection com.mysql.cj.jdbc.ConnectionImpl@59a94d0f
2025-05-26T10:06:51.124+08:00  INFO 9892 --- [springboot-jpa-book] [main] com.zaxxer.hikari.HikariDataSource       : HikariPool-1 - Start completed.
2025-05-26T10:06:51.172+08:00  INFO 9892 --- [springboot-jpa-book] [main] org.hibernate.orm.connections.pooling    : HHH10001005: Database info:
	Database JDBC URL [Connecting through datasource 'HikariDataSource (HikariPool-1)']
	Database driver: undefined/unknown
	Database version: 8.0.34
	Autocommit mode: undefined/unknown
	Isolation level: undefined/unknown
	Minimum pool size: undefined/unknown
	Maximum pool size: undefined/unknown
2025-05-26T10:06:51.337+08:00  INFO 9892 --- [springboot-jpa-book] [main] o.h.e.t.j.p.i.JtaPlatformInitiator       : HHH000489: No JTA platform available (set 'hibernate.transaction.jta.platform' to enable JTA platform integration)
2025-05-26T10:06:51.339+08:00  INFO 9892 --- [springboot-jpa-book] [main] j.LocalContainerEntityManagerFactoryBean : Initialized JPA EntityManagerFactory for persistence unit 'default'
2025-05-26T10:06:51.609+08:00  INFO 9892 --- [springboot-jpa-book] [main] o.s.b.w.embedded.tomcat.TomcatWebServer  : Tomcat started on port 8082 (http) with context path '/'
2025-05-26T10:06:51.613+08:00  INFO 9892 --- [springboot-jpa-book] [main] c.e.d.SpringbootReactJpaBookApplication  : Started SpringbootReactJpaBookApplication in 1.775 seconds (process running for 2.077)
